  [1m[35m (510.1ms)[0m  [1m[35mCREATE DATABASE "TheForum_development" ENCODING = 'unicode'[0m
  ↳ bin/rails:9
  [1m[35m (463.0ms)[0m  [1m[35mCREATE DATABASE "TheForum_test" ENCODING = 'unicode'[0m
  ↳ bin/rails:9
  [1m[35m (6.4ms)[0m  [1m[35mCREATE TABLE "schema_migrations" ("version" character varying NOT NULL PRIMARY KEY)[0m
  ↳ bin/rails:9
  [1m[35m (45.4ms)[0m  [1m[35mCREATE TABLE "ar_internal_metadata" ("key" character varying NOT NULL PRIMARY KEY, "value" character varying, "created_at" timestamp NOT NULL, "updated_at" timestamp NOT NULL)[0m
  ↳ bin/rails:9
  [1m[35m (0.2ms)[0m  [1m[34mSELECT pg_try_advisory_lock(7327945663201144590)[0m
  ↳ bin/rails:9
  [1m[35m (0.6ms)[0m  [1m[34mSELECT "schema_migrations"."version" FROM "schema_migrations" ORDER BY "schema_migrations"."version" ASC[0m
  ↳ bin/rails:9
  [1m[36mActiveRecord::InternalMetadata Load (0.3ms)[0m  [1m[34mSELECT  "ar_internal_metadata".* FROM "ar_internal_metadata" WHERE "ar_internal_metadata"."key" = $1 LIMIT $2[0m  [["key", "environment"], ["LIMIT", 1]]
  ↳ bin/rails:9
  [1m[35m (0.2ms)[0m  [1m[35mBEGIN[0m
  ↳ bin/rails:9
  [1m[36mActiveRecord::InternalMetadata Create (0.5ms)[0m  [1m[32mINSERT INTO "ar_internal_metadata" ("key", "value", "created_at", "updated_at") VALUES ($1, $2, $3, $4) RETURNING "key"[0m  [["key", "environment"], ["value", "development"], ["created_at", "2019-10-21 06:09:53.035198"], ["updated_at", "2019-10-21 06:09:53.035198"]]
  ↳ bin/rails:9
  [1m[35m (40.1ms)[0m  [1m[35mCOMMIT[0m
  ↳ bin/rails:9
  [1m[35m (0.5ms)[0m  [1m[34mSELECT pg_advisory_unlock(7327945663201144590)[0m
  ↳ bin/rails:9
  [1m[35m (0.5ms)[0m  [1m[34mSELECT "schema_migrations"."version" FROM "schema_migrations" ORDER BY "schema_migrations"."version" ASC[0m
  ↳ bin/rails:9
  [1m[35m (0.9ms)[0m  [1m[35mCREATE DATABASE "TheForum_development" ENCODING = 'unicode'[0m
  ↳ bin/rails:9
  [1m[35m (0.6ms)[0m  [1m[35mCREATE DATABASE "TheForum_test" ENCODING = 'unicode'[0m
  ↳ bin/rails:9
  [1m[35m (0.5ms)[0m  [1m[34mSELECT "schema_migrations"."version" FROM "schema_migrations" ORDER BY "schema_migrations"."version" ASC[0m
  ↳ bin/rails:9
  [1m[35m (0.2ms)[0m  [1m[34mSELECT "schema_migrations"."version" FROM "schema_migrations" ORDER BY "schema_migrations"."version" ASC[0m
  ↳ bin/rails:9
  [1m[35mSQL (0.5ms)[0m  [1m[35mCREATE EXTENSION IF NOT EXISTS "plpgsql"[0m
  ↳ db/schema.rb:16
  [1m[35m (0.5ms)[0m  [1m[34mSELECT "schema_migrations"."version" FROM "schema_migrations" ORDER BY "schema_migrations"."version" ASC[0m
  ↳ db/schema.rb:13
  [1m[35m (36.0ms)[0m  [1m[32mINSERT INTO "schema_migrations" (version) VALUES (0)[0m
  ↳ db/schema.rb:13
  [1m[36mActiveRecord::InternalMetadata Load (0.4ms)[0m  [1m[34mSELECT  "ar_internal_metadata".* FROM "ar_internal_metadata" WHERE "ar_internal_metadata"."key" = $1 LIMIT $2[0m  [["key", "environment"], ["LIMIT", 1]]
  ↳ db/schema.rb:13
  [1m[35m (0.2ms)[0m  [1m[35mBEGIN[0m
  ↳ db/schema.rb:13
  [1m[35m (0.1ms)[0m  [1m[35mCOMMIT[0m
  ↳ db/schema.rb:13
  [1m[36mActiveRecord::InternalMetadata Load (0.2ms)[0m  [1m[34mSELECT  "ar_internal_metadata".* FROM "ar_internal_metadata" WHERE "ar_internal_metadata"."key" = $1 LIMIT $2[0m  [["key", "environment"], ["LIMIT", 1]]
  ↳ bin/rails:9
  [1m[35m (0.1ms)[0m  [1m[35mBEGIN[0m
  ↳ bin/rails:9
  [1m[35m (0.1ms)[0m  [1m[35mCOMMIT[0m
  ↳ bin/rails:9
  [1m[35mSQL (0.4ms)[0m  [1m[35mCREATE EXTENSION IF NOT EXISTS "plpgsql"[0m
  ↳ db/schema.rb:16
  [1m[35m (4.8ms)[0m  [1m[35mCREATE TABLE "schema_migrations" ("version" character varying NOT NULL PRIMARY KEY)[0m
  ↳ db/schema.rb:13
  [1m[35m (0.5ms)[0m  [1m[34mSELECT "schema_migrations"."version" FROM "schema_migrations" ORDER BY "schema_migrations"."version" ASC[0m
  ↳ db/schema.rb:13
  [1m[35m (0.5ms)[0m  [1m[32mINSERT INTO "schema_migrations" (version) VALUES (0)[0m
  ↳ db/schema.rb:13
  [1m[35m (2.1ms)[0m  [1m[35mCREATE TABLE "ar_internal_metadata" ("key" character varying NOT NULL PRIMARY KEY, "value" character varying, "created_at" timestamp NOT NULL, "updated_at" timestamp NOT NULL)[0m
  ↳ db/schema.rb:13
  [1m[36mActiveRecord::InternalMetadata Load (0.4ms)[0m  [1m[34mSELECT  "ar_internal_metadata".* FROM "ar_internal_metadata" WHERE "ar_internal_metadata"."key" = $1 LIMIT $2[0m  [["key", "environment"], ["LIMIT", 1]]
  ↳ db/schema.rb:13
  [1m[35m (0.1ms)[0m  [1m[35mBEGIN[0m
  ↳ db/schema.rb:13
  [1m[36mActiveRecord::InternalMetadata Create (0.4ms)[0m  [1m[32mINSERT INTO "ar_internal_metadata" ("key", "value", "created_at", "updated_at") VALUES ($1, $2, $3, $4) RETURNING "key"[0m  [["key", "environment"], ["value", "development"], ["created_at", "2019-10-21 06:09:59.080936"], ["updated_at", "2019-10-21 06:09:59.080936"]]
  ↳ db/schema.rb:13
  [1m[35m (0.3ms)[0m  [1m[35mCOMMIT[0m
  ↳ db/schema.rb:13
  [1m[36mActiveRecord::InternalMetadata Load (0.2ms)[0m  [1m[34mSELECT  "ar_internal_metadata".* FROM "ar_internal_metadata" WHERE "ar_internal_metadata"."key" = $1 LIMIT $2[0m  [["key", "environment"], ["LIMIT", 1]]
  ↳ bin/rails:9
  [1m[35m (0.2ms)[0m  [1m[35mBEGIN[0m
  ↳ bin/rails:9
  [1m[36mActiveRecord::InternalMetadata Update (0.5ms)[0m  [1m[33mUPDATE "ar_internal_metadata" SET "value" = $1, "updated_at" = $2 WHERE "ar_internal_metadata"."key" = $3[0m  [["value", "test"], ["updated_at", "2019-10-21 06:09:59.084234"], ["key", "environment"]]
  ↳ bin/rails:9
  [1m[35m (39.6ms)[0m  [1m[35mCOMMIT[0m
  ↳ bin/rails:9
  [1m[35m (0.7ms)[0m  [1m[34mSELECT "schema_migrations"."version" FROM "schema_migrations" ORDER BY "schema_migrations"."version" ASC[0m
  ↳ bin/rails:9
  [1m[35m (0.2ms)[0m  [1m[34mSELECT pg_try_advisory_lock(7327945663201144590)[0m
  ↳ bin/rails:9
  [1m[35m (0.6ms)[0m  [1m[34mSELECT "schema_migrations"."version" FROM "schema_migrations" ORDER BY "schema_migrations"."version" ASC[0m
  ↳ bin/rails:9
Migrating to CreateDisscussions (20191021061324)
  [1m[35m (0.2ms)[0m  [1m[35mBEGIN[0m
  ↳ bin/rails:9
  [1m[35m (47.9ms)[0m  [1m[35mCREATE TABLE "disscussions" ("id" bigserial primary key, "headline" character varying, "content" text, "created_at" timestamp NOT NULL, "updated_at" timestamp NOT NULL)[0m
  ↳ db/migrate/20191021061324_create_disscussions.rb:3
  [1m[36mActiveRecord::SchemaMigration Create (0.4ms)[0m  [1m[32mINSERT INTO "schema_migrations" ("version") VALUES ($1) RETURNING "version"[0m  [["version", "20191021061324"]]
  ↳ bin/rails:9
  [1m[35m (0.5ms)[0m  [1m[35mCOMMIT[0m
  ↳ bin/rails:9
  [1m[36mActiveRecord::InternalMetadata Load (0.4ms)[0m  [1m[34mSELECT  "ar_internal_metadata".* FROM "ar_internal_metadata" WHERE "ar_internal_metadata"."key" = $1 LIMIT $2[0m  [["key", "environment"], ["LIMIT", 1]]
  ↳ bin/rails:9
  [1m[35m (0.2ms)[0m  [1m[35mBEGIN[0m
  ↳ bin/rails:9
  [1m[35m (0.2ms)[0m  [1m[35mCOMMIT[0m
  ↳ bin/rails:9
  [1m[35m (0.2ms)[0m  [1m[34mSELECT pg_advisory_unlock(7327945663201144590)[0m
  ↳ bin/rails:9
  [1m[35m (0.2ms)[0m  [1m[34mSELECT "schema_migrations"."version" FROM "schema_migrations" ORDER BY "schema_migrations"."version" ASC[0m
  ↳ bin/rails:9
Started GET "/" for ::1 at 2019-10-21 16:14:08 +1000
  [1m[35m (1.1ms)[0m  [1m[34mSELECT "schema_migrations"."version" FROM "schema_migrations" ORDER BY "schema_migrations"."version" ASC[0m
  ↳ /Users/alexleybourne/.rbenv/versions/2.6.3/lib/ruby/gems/2.6.0/gems/activerecord-5.2.3/lib/active_record/log_subscriber.rb:98
Processing by Rails::WelcomeController#index as HTML
  Rendering /Users/alexleybourne/.rbenv/versions/2.6.3/lib/ruby/gems/2.6.0/gems/railties-5.2.3/lib/rails/templates/rails/welcome/index.html.erb
  Rendered /Users/alexleybourne/.rbenv/versions/2.6.3/lib/ruby/gems/2.6.0/gems/railties-5.2.3/lib/rails/templates/rails/welcome/index.html.erb (3.2ms)
Completed 200 OK in 18ms (Views: 8.9ms | ActiveRecord: 0.0ms)


Started GET "/discussions" for ::1 at 2019-10-21 16:14:15 +1000
  
ActionController::RoutingError (No route matches [GET] "/discussions"):
  
actionpack (5.2.3) lib/action_dispatch/middleware/debug_exceptions.rb:65:in `call'
web-console (3.7.0) lib/web_console/middleware.rb:135:in `call_app'
web-console (3.7.0) lib/web_console/middleware.rb:30:in `block in call'
web-console (3.7.0) lib/web_console/middleware.rb:20:in `catch'
web-console (3.7.0) lib/web_console/middleware.rb:20:in `call'
actionpack (5.2.3) lib/action_dispatch/middleware/show_exceptions.rb:33:in `call'
railties (5.2.3) lib/rails/rack/logger.rb:38:in `call_app'
railties (5.2.3) lib/rails/rack/logger.rb:26:in `block in call'
activesupport (5.2.3) lib/active_support/tagged_logging.rb:71:in `block in tagged'
activesupport (5.2.3) lib/active_support/tagged_logging.rb:28:in `tagged'
activesupport (5.2.3) lib/active_support/tagged_logging.rb:71:in `tagged'
railties (5.2.3) lib/rails/rack/logger.rb:26:in `call'
sprockets-rails (3.2.1) lib/sprockets/rails/quiet_assets.rb:13:in `call'
actionpack (5.2.3) lib/action_dispatch/middleware/remote_ip.rb:81:in `call'
actionpack (5.2.3) lib/action_dispatch/middleware/request_id.rb:27:in `call'
rack (2.0.7) lib/rack/method_override.rb:22:in `call'
rack (2.0.7) lib/rack/runtime.rb:22:in `call'
activesupport (5.2.3) lib/active_support/cache/strategy/local_cache_middleware.rb:29:in `call'
actionpack (5.2.3) lib/action_dispatch/middleware/executor.rb:14:in `call'
actionpack (5.2.3) lib/action_dispatch/middleware/static.rb:127:in `call'
rack (2.0.7) lib/rack/sendfile.rb:111:in `call'
railties (5.2.3) lib/rails/engine.rb:524:in `call'
puma (3.12.1) lib/puma/configuration.rb:227:in `call'
puma (3.12.1) lib/puma/server.rb:660:in `handle_request'
puma (3.12.1) lib/puma/server.rb:474:in `process_client'
puma (3.12.1) lib/puma/server.rb:334:in `block in run'
puma (3.12.1) lib/puma/thread_pool.rb:135:in `block in spawn_thread'
Started GET "/disscussions" for ::1 at 2019-10-21 16:14:24 +1000
Processing by DisscussionsController#index as HTML
  Rendering disscussions/index.html.erb within layouts/application
  [1m[36mDisscussion Load (0.5ms)[0m  [1m[34mSELECT "disscussions".* FROM "disscussions"[0m
  ↳ app/views/disscussions/index.html.erb:15
  Rendered disscussions/index.html.erb within layouts/application (3.1ms)
Completed 200 OK in 673ms (Views: 667.3ms | ActiveRecord: 1.6ms)


Started GET "/disscussions/new" for ::1 at 2019-10-21 16:15:04 +1000
Processing by DisscussionsController#new as HTML
  Rendering disscussions/new.html.erb within layouts/application
  Rendered disscussions/_form.html.erb (25.6ms)
  Rendered disscussions/new.html.erb within layouts/application (26.9ms)
Completed 200 OK in 65ms (Views: 42.2ms | ActiveRecord: 14.9ms)


Started POST "/disscussions" for ::1 at 2019-10-21 16:15:18 +1000
Processing by DisscussionsController#create as HTML
  Parameters: {"utf8"=>"✓", "authenticity_token"=>"7eYl203E4DqfiX/M9l3xxlWZg4HBRL2ogPBESqVRyI0SxNcX9PTorr8jhXXCjEmll0Ecb7uHI/Ibt5umFMvTMg==", "disscussion"=>{"headline"=>"First Discussion", "content"=>"Hello There Friend"}, "commit"=>"Create Disscussion"}
  [1m[35m (0.3ms)[0m  [1m[35mBEGIN[0m
  ↳ app/controllers/disscussions_controller.rb:30
  [1m[36mDisscussion Create (1.6ms)[0m  [1m[32mINSERT INTO "disscussions" ("headline", "content", "created_at", "updated_at") VALUES ($1, $2, $3, $4) RETURNING "id"[0m  [["headline", "First Discussion"], ["content", "Hello There Friend"], ["created_at", "2019-10-21 06:15:18.239560"], ["updated_at", "2019-10-21 06:15:18.239560"]]
  ↳ app/controllers/disscussions_controller.rb:30
  [1m[35m (43.5ms)[0m  [1m[35mCOMMIT[0m
  ↳ app/controllers/disscussions_controller.rb:30
Redirected to http://localhost:3000/disscussions/1
Completed 302 Found in 51ms (ActiveRecord: 45.3ms)


Started GET "/disscussions/1" for ::1 at 2019-10-21 16:15:18 +1000
Processing by DisscussionsController#show as HTML
  Parameters: {"id"=>"1"}
  [1m[36mDisscussion Load (0.3ms)[0m  [1m[34mSELECT  "disscussions".* FROM "disscussions" WHERE "disscussions"."id" = $1 LIMIT $2[0m  [["id", 1], ["LIMIT", 1]]
  ↳ app/controllers/disscussions_controller.rb:67
  Rendering disscussions/show.html.erb within layouts/application
  Rendered disscussions/show.html.erb within layouts/application (0.6ms)
Completed 200 OK in 18ms (Views: 14.8ms | ActiveRecord: 0.5ms)


Started GET "/disscussions" for ::1 at 2019-10-21 16:15:20 +1000
Processing by DisscussionsController#index as HTML
  Rendering disscussions/index.html.erb within layouts/application
  [1m[36mDisscussion Load (0.8ms)[0m  [1m[34mSELECT "disscussions".* FROM "disscussions"[0m
  ↳ app/views/disscussions/index.html.erb:15
  Rendered disscussions/index.html.erb within layouts/application (4.0ms)
Completed 200 OK in 23ms (Views: 20.6ms | ActiveRecord: 0.8ms)


Started GET "/disscussions" for ::1 at 2019-10-21 16:19:35 +1000
Processing by DisscussionsController#index as HTML
  Rendering disscussions/index.html.erb within layouts/application
  [1m[36mDisscussion Load (0.5ms)[0m  [1m[34mSELECT "disscussions".* FROM "disscussions"[0m
  ↳ app/views/disscussions/index.html.erb:15
  Rendered disscussions/index.html.erb within layouts/application (2.8ms)
Completed 500 Internal Server Error in 27ms (ActiveRecord: 0.5ms)


  
ActionView::Template::Error (File to import not found or unreadable: materialize.
Load paths:
  /Users/alexleybourne/Documents/projects/Ruby On Rails/forum-application/TheForum/app/assets/config
  /Users/alexleybourne/Documents/projects/Ruby On Rails/forum-application/TheForum/app/assets/images
  /Users/alexleybourne/Documents/projects/Ruby On Rails/forum-application/TheForum/app/assets/javascripts
  /Users/alexleybourne/Documents/projects/Ruby On Rails/forum-application/TheForum/app/assets/stylesheets
  /Users/alexleybourne/.rbenv/versions/2.6.3/lib/ruby/gems/2.6.0/gems/coffee-rails-4.2.2/lib/assets/javascripts
  /Users/alexleybourne/.rbenv/versions/2.6.3/lib/ruby/gems/2.6.0/gems/actioncable-5.2.3/lib/assets/compiled
  /Users/alexleybourne/.rbenv/versions/2.6.3/lib/ruby/gems/2.6.0/gems/activestorage-5.2.3/app/assets/javascripts
  /Users/alexleybourne/.rbenv/versions/2.6.3/lib/ruby/gems/2.6.0/gems/actionview-5.2.3/lib/assets/compiled
  /Users/alexleybourne/.rbenv/versions/2.6.3/lib/ruby/gems/2.6.0/gems/turbolinks-source-5.2.0/lib/assets/javascripts
  /Users/alexleybourne/Documents/projects/Ruby On Rails/forum-application/TheForum/node_modules):
     5:     <%= csrf_meta_tags %>
     6:     <%= csp_meta_tag %>
     7: 
     8:     <%= stylesheet_link_tag    'application', media: 'all', 'data-turbolinks-track': 'reload' %>
     9:     <%= javascript_include_tag 'application', 'data-turbolinks-track': 'reload' %>
    10:   </head>
    11: 
  
app/assets/stylesheets/application.scss:1
app/views/layouts/application.html.erb:8:in `_app_views_layouts_application_html_erb__3266605311578413531_70352785169280'
Started GET "/disscussions" for ::1 at 2019-10-21 16:20:01 +1000
  [1m[35m (0.5ms)[0m  [1m[34mSELECT "schema_migrations"."version" FROM "schema_migrations" ORDER BY "schema_migrations"."version" ASC[0m
  ↳ /Users/alexleybourne/.rbenv/versions/2.6.3/lib/ruby/gems/2.6.0/gems/activerecord-5.2.3/lib/active_record/log_subscriber.rb:98
Processing by DisscussionsController#index as HTML
  Rendering disscussions/index.html.erb within layouts/application
  [1m[36mDisscussion Load (0.6ms)[0m  [1m[34mSELECT "disscussions".* FROM "disscussions"[0m
  ↳ app/views/disscussions/index.html.erb:15
  Rendered disscussions/index.html.erb within layouts/application (10.5ms)
Completed 200 OK in 3782ms (Views: 3768.6ms | ActiveRecord: 3.9ms)


Started GET "/disscussions" for ::1 at 2019-10-21 16:21:46 +1000
Processing by DisscussionsController#index as HTML
  Rendering disscussions/index.html.erb within layouts/application
  [1m[36mDisscussion Load (1.8ms)[0m  [1m[34mSELECT "disscussions".* FROM "disscussions"[0m
  ↳ app/views/disscussions/index.html.erb:15
  Rendered disscussions/index.html.erb within layouts/application (4.6ms)
Completed 200 OK in 119ms (Views: 115.1ms | ActiveRecord: 1.8ms)


Started GET "/disscussions" for ::1 at 2019-10-21 16:37:51 +1000
Processing by DisscussionsController#index as HTML
  Rendering disscussions/index.html.erb within layouts/application
  [1m[36mDisscussion Load (0.6ms)[0m  [1m[34mSELECT "disscussions".* FROM "disscussions"[0m
  ↳ app/views/disscussions/index.html.erb:15
  Rendered disscussions/index.html.erb within layouts/application (1.9ms)
Completed 200 OK in 65ms (Views: 63.0ms | ActiveRecord: 0.6ms)


Started GET "/disscussions" for ::1 at 2019-10-21 16:40:04 +1000
Processing by DisscussionsController#index as HTML
  Rendering disscussions/index.html.erb within layouts/application
  [1m[36mDisscussion Load (0.8ms)[0m  [1m[34mSELECT "disscussions".* FROM "disscussions"[0m
  ↳ app/views/disscussions/index.html.erb:15
  Rendered disscussions/index.html.erb within layouts/application (3.9ms)
Completed 200 OK in 77ms (Views: 73.9ms | ActiveRecord: 0.8ms)


Started GET "/disscussions" for ::1 at 2019-10-21 16:41:14 +1000
Processing by DisscussionsController#index as HTML
  Rendering disscussions/index.html.erb within layouts/application
  [1m[36mDisscussion Load (0.5ms)[0m  [1m[34mSELECT "disscussions".* FROM "disscussions"[0m
  ↳ app/views/disscussions/index.html.erb:15
  Rendered disscussions/index.html.erb within layouts/application (2.6ms)
Completed 200 OK in 62ms (Views: 60.1ms | ActiveRecord: 0.5ms)


Started GET "/disscussions" for ::1 at 2019-10-21 16:42:20 +1000
Processing by DisscussionsController#index as HTML
  Rendering disscussions/index.html.erb within layouts/application
  [1m[36mDisscussion Load (0.6ms)[0m  [1m[34mSELECT "disscussions".* FROM "disscussions"[0m
  ↳ app/views/disscussions/index.html.erb:15
  Rendered disscussions/index.html.erb within layouts/application (3.7ms)
Completed 200 OK in 62ms (Views: 59.8ms | ActiveRecord: 0.6ms)


Started GET "/disscussions/new" for ::1 at 2019-10-21 16:42:46 +1000
Processing by DisscussionsController#new as HTML
  Rendering disscussions/new.html.erb within layouts/application
  Rendered disscussions/_form.html.erb (31.2ms)
  Rendered disscussions/new.html.erb within layouts/application (34.5ms)
Completed 200 OK in 202ms (Views: 199.6ms | ActiveRecord: 0.0ms)


Started GET "/disscussions" for ::1 at 2019-10-21 16:43:54 +1000
Processing by DisscussionsController#index as HTML
  Rendering disscussions/index.html.erb within layouts/application
  [1m[36mDisscussion Load (0.7ms)[0m  [1m[34mSELECT "disscussions".* FROM "disscussions"[0m
  ↳ app/views/disscussions/index.html.erb:15
  Rendered disscussions/index.html.erb within layouts/application (4.2ms)
Completed 200 OK in 67ms (Views: 64.7ms | ActiveRecord: 0.7ms)


Started GET "/disscussions/new" for ::1 at 2019-10-21 16:43:55 +1000
Processing by DisscussionsController#new as HTML
  Rendering disscussions/new.html.erb within layouts/application
  Rendered disscussions/_form.html.erb (1.3ms)
  Rendered disscussions/new.html.erb within layouts/application (3.6ms)
Completed 500 Internal Server Error in 9ms (ActiveRecord: 0.0ms)


  
SyntaxError (/Users/alexleybourne/Documents/projects/Ruby On Rails/forum-application/TheForum/app/views/disscussions/_form.html.erb:25: syntax error, unexpected tLABEL, expecting '='
...er.append=( form.submit, class: "waves-effect waves-light bt...
...                         ^~~~~~):
  
app/views/disscussions/_form.html.erb:25: syntax error, unexpected tLABEL, expecting '='
app/views/disscussions/new.html.erb:3:in `_app_views_disscussions_new_html_erb__799763344309726484_70250240964860'
Started GET "/disscussions" for ::1 at 2019-10-21 16:43:57 +1000
Processing by DisscussionsController#index as HTML
  Rendering disscussions/index.html.erb within layouts/application
  [1m[36mDisscussion Load (0.6ms)[0m  [1m[34mSELECT "disscussions".* FROM "disscussions"[0m
  ↳ app/views/disscussions/index.html.erb:15
  Rendered disscussions/index.html.erb within layouts/application (3.6ms)
Completed 200 OK in 66ms (Views: 63.4ms | ActiveRecord: 0.6ms)


Started GET "/disscussions/new" for ::1 at 2019-10-21 16:44:17 +1000
Processing by DisscussionsController#new as HTML
  Rendering disscussions/new.html.erb within layouts/application
  Rendered disscussions/_form.html.erb (1.2ms)
  Rendered disscussions/new.html.erb within layouts/application (2.8ms)
Completed 500 Internal Server Error in 10ms (ActiveRecord: 0.0ms)


  
SyntaxError (/Users/alexleybourne/Documents/projects/Ruby On Rails/forum-application/TheForum/app/views/disscussions/_form.html.erb:25: syntax error, unexpected tLABEL, expecting '='
...er.append=( form.submit, class: "waves-effect waves-light bt...
...                         ^~~~~~):
  
app/views/disscussions/_form.html.erb:25: syntax error, unexpected tLABEL, expecting '='
app/views/disscussions/new.html.erb:3:in `_app_views_disscussions_new_html_erb__799763344309726484_70250311173080'
Started GET "/disscussions" for ::1 at 2019-10-21 16:44:24 +1000
Processing by DisscussionsController#index as HTML
  Rendering disscussions/index.html.erb within layouts/application
  [1m[36mDisscussion Load (0.4ms)[0m  [1m[34mSELECT "disscussions".* FROM "disscussions"[0m
  ↳ app/views/disscussions/index.html.erb:15
  Rendered disscussions/index.html.erb within layouts/application (2.9ms)
Completed 200 OK in 102ms (Views: 99.7ms | ActiveRecord: 0.4ms)


Started GET "/disscussions/new" for ::1 at 2019-10-21 16:45:05 +1000
Processing by DisscussionsController#new as HTML
  Rendering disscussions/new.html.erb within layouts/application
  Rendered disscussions/_form.html.erb (3.7ms)
  Rendered disscussions/new.html.erb within layouts/application (5.8ms)
Completed 200 OK in 65ms (Views: 63.5ms | ActiveRecord: 0.0ms)


Started GET "/disscussions/new" for ::1 at 2019-10-21 16:47:03 +1000
Processing by DisscussionsController#new as HTML
  Rendering disscussions/new.html.erb within layouts/application
  Rendered disscussions/_form.html.erb (1.6ms)
  Rendered disscussions/new.html.erb within layouts/application (2.5ms)
Completed 200 OK in 55ms (Views: 53.5ms | ActiveRecord: 0.0ms)


Started GET "/disscussions/new" for ::1 at 2019-10-21 16:47:41 +1000
Processing by DisscussionsController#new as HTML
  Rendering disscussions/new.html.erb within layouts/application
  Rendered disscussions/_form.html.erb (2.2ms)
  Rendered disscussions/new.html.erb within layouts/application (3.8ms)
Completed 200 OK in 52ms (Views: 50.5ms | ActiveRecord: 0.0ms)


Started GET "/disscussions" for ::1 at 2019-10-21 16:47:45 +1000
Processing by DisscussionsController#index as HTML
  Rendering disscussions/index.html.erb within layouts/application
  [1m[36mDisscussion Load (0.4ms)[0m  [1m[34mSELECT "disscussions".* FROM "disscussions"[0m
  ↳ app/views/disscussions/index.html.erb:15
  Rendered disscussions/index.html.erb within layouts/application (1.9ms)
Completed 200 OK in 60ms (Views: 57.9ms | ActiveRecord: 0.4ms)


Started GET "/disscussions/new" for ::1 at 2019-10-21 16:47:46 +1000
Processing by DisscussionsController#new as HTML
  Rendering disscussions/new.html.erb within layouts/application
  Rendered disscussions/_form.html.erb (1.7ms)
  Rendered disscussions/new.html.erb within layouts/application (2.8ms)
Completed 200 OK in 52ms (Views: 50.4ms | ActiveRecord: 0.0ms)


Started GET "/disscussions" for ::1 at 2019-10-21 16:47:49 +1000
Processing by DisscussionsController#index as HTML
  Rendering disscussions/index.html.erb within layouts/application
  [1m[36mDisscussion Load (0.4ms)[0m  [1m[34mSELECT "disscussions".* FROM "disscussions"[0m
  ↳ app/views/disscussions/index.html.erb:15
  Rendered disscussions/index.html.erb within layouts/application (1.7ms)
Completed 200 OK in 86ms (Views: 84.4ms | ActiveRecord: 0.4ms)


Started GET "/disscussions/new" for ::1 at 2019-10-21 16:47:50 +1000
Processing by DisscussionsController#new as HTML
  Rendering disscussions/new.html.erb within layouts/application
  Rendered disscussions/_form.html.erb (1.9ms)
  Rendered disscussions/new.html.erb within layouts/application (2.8ms)
Completed 200 OK in 55ms (Views: 53.3ms | ActiveRecord: 0.0ms)


Started GET "/disscussions" for ::1 at 2019-10-21 16:47:51 +1000
Processing by DisscussionsController#index as HTML
  Rendering disscussions/index.html.erb within layouts/application
  [1m[36mDisscussion Load (0.5ms)[0m  [1m[34mSELECT "disscussions".* FROM "disscussions"[0m
  ↳ app/views/disscussions/index.html.erb:15
  Rendered disscussions/index.html.erb within layouts/application (2.1ms)
Completed 200 OK in 52ms (Views: 49.8ms | ActiveRecord: 0.5ms)


Started GET "/disscussions" for ::1 at 2019-10-21 16:47:52 +1000
Processing by DisscussionsController#index as HTML
  Rendering disscussions/index.html.erb within layouts/application
  [1m[36mDisscussion Load (0.4ms)[0m  [1m[34mSELECT "disscussions".* FROM "disscussions"[0m
  ↳ app/views/disscussions/index.html.erb:15
  Rendered disscussions/index.html.erb within layouts/application (1.7ms)
Completed 200 OK in 46ms (Views: 44.5ms | ActiveRecord: 0.4ms)


Started GET "/disscussions/new" for ::1 at 2019-10-21 16:47:54 +1000
Processing by DisscussionsController#new as HTML
  Rendering disscussions/new.html.erb within layouts/application
  Rendered disscussions/_form.html.erb (2.3ms)
  Rendered disscussions/new.html.erb within layouts/application (3.9ms)
Completed 200 OK in 60ms (Views: 59.3ms | ActiveRecord: 0.0ms)


Started GET "/disscussions" for ::1 at 2019-10-21 16:47:56 +1000
Processing by DisscussionsController#index as HTML
  Rendering disscussions/index.html.erb within layouts/application
  [1m[36mDisscussion Load (0.5ms)[0m  [1m[34mSELECT "disscussions".* FROM "disscussions"[0m
  ↳ app/views/disscussions/index.html.erb:15
  Rendered disscussions/index.html.erb within layouts/application (2.3ms)
Completed 200 OK in 56ms (Views: 54.2ms | ActiveRecord: 0.5ms)


Started GET "/disscussions/new" for ::1 at 2019-10-21 16:47:57 +1000
Processing by DisscussionsController#new as HTML
  Rendering disscussions/new.html.erb within layouts/application
  Rendered disscussions/_form.html.erb (1.9ms)
  Rendered disscussions/new.html.erb within layouts/application (2.8ms)
Completed 200 OK in 55ms (Views: 53.4ms | ActiveRecord: 0.0ms)


Started GET "/disscussions" for ::1 at 2019-10-21 16:47:59 +1000
Processing by DisscussionsController#index as HTML
  Rendering disscussions/index.html.erb within layouts/application
  [1m[36mDisscussion Load (0.3ms)[0m  [1m[34mSELECT "disscussions".* FROM "disscussions"[0m
  ↳ app/views/disscussions/index.html.erb:15
  Rendered disscussions/index.html.erb within layouts/application (1.5ms)
Completed 200 OK in 91ms (Views: 89.2ms | ActiveRecord: 0.3ms)


Started GET "/disscussions/new" for ::1 at 2019-10-21 16:48:01 +1000
Processing by DisscussionsController#new as HTML
  Rendering disscussions/new.html.erb within layouts/application
  Rendered disscussions/_form.html.erb (1.5ms)
  Rendered disscussions/new.html.erb within layouts/application (3.0ms)
Completed 200 OK in 51ms (Views: 49.8ms | ActiveRecord: 0.0ms)


Started GET "/disscussions" for ::1 at 2019-10-21 16:48:02 +1000
Processing by DisscussionsController#index as HTML
  Rendering disscussions/index.html.erb within layouts/application
  [1m[36mDisscussion Load (0.7ms)[0m  [1m[34mSELECT "disscussions".* FROM "disscussions"[0m
  ↳ app/views/disscussions/index.html.erb:15
  Rendered disscussions/index.html.erb within layouts/application (2.4ms)
Completed 200 OK in 65ms (Views: 63.5ms | ActiveRecord: 0.7ms)


Started GET "/" for ::1 at 2019-10-22 14:21:05 +1000
  [1m[35m (2.3ms)[0m  [1m[34mSELECT "schema_migrations"."version" FROM "schema_migrations" ORDER BY "schema_migrations"."version" ASC[0m
  ↳ /Users/alexleybourne/.rbenv/versions/2.6.3/lib/ruby/gems/2.6.0/gems/activerecord-5.2.3/lib/active_record/log_subscriber.rb:98
Processing by Rails::WelcomeController#index as HTML
  Rendering /Users/alexleybourne/.rbenv/versions/2.6.3/lib/ruby/gems/2.6.0/gems/railties-5.2.3/lib/rails/templates/rails/welcome/index.html.erb
  Rendered /Users/alexleybourne/.rbenv/versions/2.6.3/lib/ruby/gems/2.6.0/gems/railties-5.2.3/lib/rails/templates/rails/welcome/index.html.erb (2.3ms)
Completed 200 OK in 14ms (Views: 5.5ms | ActiveRecord: 0.0ms)


Started GET "/disscussions" for ::1 at 2019-10-22 14:21:11 +1000
Processing by DisscussionsController#index as HTML
  Rendering disscussions/index.html.erb within layouts/application
  [1m[36mDisscussion Load (0.7ms)[0m  [1m[34mSELECT "disscussions".* FROM "disscussions"[0m
  ↳ app/views/disscussions/index.html.erb:15
  Rendered disscussions/index.html.erb within layouts/application (250.7ms)
Completed 200 OK in 715ms (Views: 467.5ms | ActiveRecord: 242.4ms)


Started GET "/disscussions/new" for ::1 at 2019-10-22 14:21:16 +1000
Processing by DisscussionsController#new as HTML
  Rendering disscussions/new.html.erb within layouts/application
  Rendered disscussions/_form.html.erb (20.0ms)
  Rendered disscussions/new.html.erb within layouts/application (23.4ms)
Completed 200 OK in 96ms (Views: 93.3ms | ActiveRecord: 0.0ms)


Started GET "/" for ::1 at 2019-10-22 14:22:21 +1000
Processing by DisscussionsController#index as HTML
  Rendering disscussions/index.html.erb within layouts/application
  [1m[36mDisscussion Load (0.7ms)[0m  [1m[34mSELECT "disscussions".* FROM "disscussions"[0m
  ↳ app/views/disscussions/index.html.erb:15
  Rendered disscussions/index.html.erb within layouts/application (13.1ms)
Completed 200 OK in 83ms (Views: 73.3ms | ActiveRecord: 7.8ms)


Started GET "/" for ::1 at 2019-10-22 14:28:59 +1000
  [1m[35m (0.5ms)[0m  [1m[34mSELECT "schema_migrations"."version" FROM "schema_migrations" ORDER BY "schema_migrations"."version" ASC[0m
  ↳ /Users/alexleybourne/.rbenv/versions/2.6.3/lib/ruby/gems/2.6.0/gems/activerecord-5.2.3/lib/active_record/log_subscriber.rb:98
Processing by DisscussionsController#index as HTML
  Rendering disscussions/index.html.erb within layouts/application
  [1m[36mDisscussion Load (0.5ms)[0m  [1m[34mSELECT "disscussions".* FROM "disscussions"[0m
  ↳ app/views/disscussions/index.html.erb:15
  Rendered disscussions/index.html.erb within layouts/application (10.6ms)
Completed 200 OK in 2884ms (Views: 2868.3ms | ActiveRecord: 3.9ms)


Started GET "/disscussions/1" for ::1 at 2019-10-22 14:47:26 +1000
Processing by DisscussionsController#show as HTML
  Parameters: {"id"=>"1"}
  [1m[36mDisscussion Load (0.5ms)[0m  [1m[34mSELECT  "disscussions".* FROM "disscussions" WHERE "disscussions"."id" = $1 LIMIT $2[0m  [["id", 1], ["LIMIT", 1]]
  ↳ app/controllers/disscussions_controller.rb:67
  Rendering disscussions/show.html.erb within layouts/application
  Rendered disscussions/show.html.erb within layouts/application (0.8ms)
Completed 200 OK in 73ms (Views: 60.0ms | ActiveRecord: 0.8ms)


Started GET "/disscussions" for ::1 at 2019-10-22 14:47:30 +1000
Processing by DisscussionsController#index as HTML
  Rendering disscussions/index.html.erb within layouts/application
  [1m[36mDisscussion Load (0.5ms)[0m  [1m[34mSELECT "disscussions".* FROM "disscussions"[0m
  ↳ app/views/disscussions/index.html.erb:15
  Rendered disscussions/index.html.erb within layouts/application (1.9ms)
Completed 200 OK in 61ms (Views: 58.2ms | ActiveRecord: 0.5ms)


Started GET "/disscussions" for ::1 at 2019-10-22 14:48:23 +1000
Processing by DisscussionsController#index as HTML
  Rendering disscussions/index.html.erb within layouts/application
  [1m[36mDisscussion Load (0.6ms)[0m  [1m[34mSELECT "disscussions".* FROM "disscussions"[0m
  ↳ app/views/disscussions/index.html.erb:15
  Rendered disscussions/index.html.erb within layouts/application (3.4ms)
Completed 200 OK in 63ms (Views: 61.1ms | ActiveRecord: 0.6ms)


Started GET "/disscussions" for ::1 at 2019-10-22 14:48:25 +1000
Processing by DisscussionsController#index as HTML
  Rendering disscussions/index.html.erb within layouts/application
  [1m[36mDisscussion Load (0.9ms)[0m  [1m[34mSELECT "disscussions".* FROM "disscussions"[0m
  ↳ app/views/disscussions/index.html.erb:15
  Rendered disscussions/index.html.erb within layouts/application (6.3ms)
Completed 200 OK in 102ms (Views: 97.7ms | ActiveRecord: 0.9ms)


Started GET "/disscussions" for ::1 at 2019-10-22 14:50:19 +1000
Processing by DisscussionsController#index as HTML
  Rendering disscussions/index.html.erb within layouts/application
  [1m[36mDisscussion Load (0.6ms)[0m  [1m[34mSELECT "disscussions".* FROM "disscussions"[0m
  ↳ app/views/disscussions/index.html.erb:15
  Rendered disscussions/index.html.erb within layouts/application (2.6ms)
Completed 200 OK in 55ms (Views: 53.1ms | ActiveRecord: 0.6ms)


Started GET "/disscussions" for ::1 at 2019-10-22 14:51:55 +1000
Processing by DisscussionsController#index as HTML
  Rendering disscussions/index.html.erb within layouts/application
  [1m[36mDisscussion Load (0.8ms)[0m  [1m[34mSELECT "disscussions".* FROM "disscussions"[0m
  ↳ app/views/disscussions/index.html.erb:15
  Rendered disscussions/index.html.erb within layouts/application (3.8ms)
Completed 200 OK in 59ms (Views: 55.7ms | ActiveRecord: 0.8ms)


Started GET "/disscussions" for ::1 at 2019-10-22 14:52:16 +1000
Processing by DisscussionsController#index as HTML
  Rendering disscussions/index.html.erb within layouts/application
  [1m[36mDisscussion Load (0.6ms)[0m  [1m[34mSELECT "disscussions".* FROM "disscussions"[0m
  ↳ app/views/disscussions/index.html.erb:15
  Rendered disscussions/index.html.erb within layouts/application (2.8ms)
Completed 200 OK in 62ms (Views: 59.6ms | ActiveRecord: 0.6ms)


Started GET "/disscussions" for ::1 at 2019-10-22 14:54:45 +1000
Processing by DisscussionsController#index as HTML
  Rendering disscussions/index.html.erb within layouts/application
  [1m[36mDisscussion Load (0.6ms)[0m  [1m[34mSELECT "disscussions".* FROM "disscussions"[0m
  ↳ app/views/disscussions/index.html.erb:15
  Rendered disscussions/index.html.erb within layouts/application (3.5ms)
Completed 200 OK in 87ms (Views: 85.0ms | ActiveRecord: 0.6ms)


Started GET "/disscussions" for ::1 at 2019-10-22 14:54:59 +1000
Processing by DisscussionsController#index as HTML
  Rendering disscussions/index.html.erb within layouts/application
  [1m[36mDisscussion Load (0.3ms)[0m  [1m[34mSELECT "disscussions".* FROM "disscussions"[0m
  ↳ app/views/disscussions/index.html.erb:15
  Rendered disscussions/index.html.erb within layouts/application (1.9ms)
Completed 200 OK in 53ms (Views: 50.2ms | ActiveRecord: 0.3ms)


Started GET "/disscussions" for ::1 at 2019-10-22 14:59:55 +1000
Processing by DisscussionsController#index as HTML
  Rendering disscussions/index.html.erb within layouts/application
  [1m[36mDisscussion Load (0.6ms)[0m  [1m[34mSELECT "disscussions".* FROM "disscussions"[0m
  ↳ app/views/disscussions/index.html.erb:15
  Rendered disscussions/index.html.erb within layouts/application (3.1ms)
Completed 500 Internal Server Error in 10ms (ActiveRecord: 0.6ms)


  
SyntaxError (/Users/alexleybourne/Documents/projects/Ruby On Rails/forum-app/Discussion-Board/app/views/layouts/application.html.erb:16: syntax error, unexpected tIDENTIFIER, expecting ')'
...end=( link_to "Forum" root_path, class: "brand-logo" );@outp...
...                      ^~~~~~~~~):
  
app/views/layouts/application.html.erb:16: syntax error, unexpected tIDENTIFIER, expecting ')'
Started GET "/disscussions" for ::1 at 2019-10-22 15:00:21 +1000
Processing by DisscussionsController#index as HTML
  Rendering disscussions/index.html.erb within layouts/application
  [1m[36mDisscussion Load (0.7ms)[0m  [1m[34mSELECT "disscussions".* FROM "disscussions"[0m
  ↳ app/views/disscussions/index.html.erb:15
  Rendered disscussions/index.html.erb within layouts/application (4.4ms)
Completed 200 OK in 72ms (Views: 69.0ms | ActiveRecord: 0.7ms)


Started GET "/" for ::1 at 2019-10-22 15:00:23 +1000
Processing by DisscussionsController#index as HTML
  Rendering disscussions/index.html.erb within layouts/application
  [1m[36mDisscussion Load (0.7ms)[0m  [1m[34mSELECT "disscussions".* FROM "disscussions"[0m
  ↳ app/views/disscussions/index.html.erb:15
  Rendered disscussions/index.html.erb within layouts/application (3.3ms)
Completed 200 OK in 81ms (Views: 78.1ms | ActiveRecord: 0.7ms)


Started GET "/" for ::1 at 2019-10-22 15:00:24 +1000
Processing by DisscussionsController#index as HTML
  Rendering disscussions/index.html.erb within layouts/application
  [1m[36mDisscussion Load (0.4ms)[0m  [1m[34mSELECT "disscussions".* FROM "disscussions"[0m
  ↳ app/views/disscussions/index.html.erb:15
  Rendered disscussions/index.html.erb within layouts/application (1.8ms)
Completed 200 OK in 52ms (Views: 50.8ms | ActiveRecord: 0.4ms)


Started GET "/disscussions/1" for ::1 at 2019-10-22 15:00:54 +1000
Processing by DisscussionsController#show as HTML
  Parameters: {"id"=>"1"}
  [1m[36mDisscussion Load (0.5ms)[0m  [1m[34mSELECT  "disscussions".* FROM "disscussions" WHERE "disscussions"."id" = $1 LIMIT $2[0m  [["id", 1], ["LIMIT", 1]]
  ↳ app/controllers/disscussions_controller.rb:67
  Rendering disscussions/show.html.erb within layouts/application
  Rendered disscussions/show.html.erb within layouts/application (1.4ms)
Completed 200 OK in 62ms (Views: 56.7ms | ActiveRecord: 0.5ms)


Started GET "/" for ::1 at 2019-10-22 15:00:55 +1000
Processing by DisscussionsController#index as HTML
  Rendering disscussions/index.html.erb within layouts/application
  [1m[36mDisscussion Load (0.6ms)[0m  [1m[34mSELECT "disscussions".* FROM "disscussions"[0m
  ↳ app/views/disscussions/index.html.erb:15
  Rendered disscussions/index.html.erb within layouts/application (2.1ms)
Completed 200 OK in 54ms (Views: 51.8ms | ActiveRecord: 0.6ms)


Started GET "/disscussions/1/edit" for ::1 at 2019-10-22 15:00:56 +1000
Processing by DisscussionsController#edit as HTML
  Parameters: {"id"=>"1"}
  [1m[36mDisscussion Load (1.4ms)[0m  [1m[34mSELECT  "disscussions".* FROM "disscussions" WHERE "disscussions"."id" = $1 LIMIT $2[0m  [["id", 1], ["LIMIT", 1]]
  ↳ app/controllers/disscussions_controller.rb:67
  Rendering disscussions/edit.html.erb within layouts/application
  Rendered disscussions/_form.html.erb (26.8ms)
  Rendered disscussions/edit.html.erb within layouts/application (29.4ms)
Completed 200 OK in 95ms (Views: 90.1ms | ActiveRecord: 1.4ms)


Started GET "/" for ::1 at 2019-10-22 15:00:57 +1000
Processing by DisscussionsController#index as HTML
  Rendering disscussions/index.html.erb within layouts/application
  [1m[36mDisscussion Load (0.4ms)[0m  [1m[34mSELECT "disscussions".* FROM "disscussions"[0m
  ↳ app/views/disscussions/index.html.erb:15
  Rendered disscussions/index.html.erb within layouts/application (2.1ms)
Completed 200 OK in 104ms (Views: 102.0ms | ActiveRecord: 0.4ms)


